<?xml version="1.0" encoding="UTF-8"?>
<!-- Generated by org.testng.reporters.JUnitXMLReporter -->
<testsuite ignored="0" hostname="DESKTOP-GB3856O" failures="0" tests="4" name="Default test" time="3.483" errors="0" timestamp="2024-04-26T14:10:04 IST">
  <testcase classname="testing.Login_clean" name="loginWithInavalidCred" time="1.533"/>
  <testcase classname="testing.Login_clean" name="loginwithinvalidemail" time="0.599"/>
  <testcase classname="testing.Login_clean" name="loginWithInavlidPass" time="0.64"/>
  <testcase classname="testing.Login_clean" name="login" time="0.579"/>
</testsuite> <!-- Default test -->
